[2026-06-14 11:10:49] [INFO] Application démarrée
[2026-06-14 11:10:49] [ERROR] Erreur fatale : rl is not defined
[2026-06-14 11:13:58] [INFO] Application démarrée
[2026-06-14 11:14:18] [INFO] Application démarrée
[2026-06-14 13:56:15] [INFO] Application démarrée
[2026-06-14 16:44:36] [INFO] Application démarrée
[2026-06-14 16:46:20] [INFO] Application démarrée
[2026-06-14 16:58:32] [INFO] Application démarrée
[2026-06-14 16:58:58] [INFO] Application démarrée
[2026-06-14 16:59:46] [INFO] Étudiant ajouté: ID=8, Matricule=B-10, Nom=Moussa Sylla
[2026-06-14 17:02:47] [INFO] Liste des étudiants consultée (8 étudiants)
[2026-06-14 17:02:47] [INFO] Liste des matières consultée (4 matières)
[2026-06-15 11:54:50] [INFO] Application démarrée
[2026-06-15 12:44:35] [INFO] Application démarrée
[2026-06-15 12:47:47] [INFO] Application démarrée
[2026-06-15 12:49:56] [INFO] Connexion réussie: Bamba (etudiant)
[2026-06-15 12:59:47] [INFO] Application fermée
[2026-06-15 13:00:08] [INFO] Application démarrée
[2026-06-15 13:04:33] [INFO] Connexion réussie: Admin (admin)
[2026-06-16 10:58:33] [INFO] Application démarrée
[2026-06-16 11:14:22] [INFO] Application démarrée
[2026-06-16 11:15:32] [INFO] Connexion réussie: baloo (admin)
[2026-06-16 11:36:19] [INFO] Application démarrée
