[2026-06-24 12:27:52] [WARN] Tentative de connexion échouée : email introuvable (admin@gmail)
[2026-06-24 12:28:21] [INFO] Connexion réussie : ID=1, Rôle=admin, Nom=Admin
[2026-06-24 12:34:35] [INFO] Déconnexion: Admin
[2026-06-24 12:35:57] [INFO] Application démarrée
[2026-06-24 12:40:53] [INFO] Application démarrée
[2026-06-24 12:41:23] [INFO] Connexion réussie : ID=1, Rôle=admin, Nom=Admin
[2026-06-24 13:01:44] [INFO] Déconnexion: Admin
[2026-06-24 13:02:35] [INFO] Application démarrée
[2026-06-24 15:24:55] [WARN] Tentative de connexion échouée : email introuvable (0)
[2026-06-24 15:25:33] [WARN] Tentative de connexion échouée : email introuvable (0)
[2026-06-24 15:30:35] [INFO] Application démarrée
[2026-06-24 15:31:49] [INFO] Connexion réussie : ID=1, Rôle=admin, Nom=Admin
[2026-06-24 15:45:39] [INFO] Application démarrée
[2026-06-24 15:47:17] [WARN] Tentative de connexion échouée : email introuvable (admin@.mail.com)
[2026-06-24 15:47:47] [INFO] Connexion réussie : ID=1, Rôle=admin, Nom=Admin
[2026-06-24 15:49:24] [INFO] Application fermée
[2026-06-24 15:49:28] [INFO] Application démarrée
[2026-06-24 15:50:06] [INFO] Connexion réussie : ID=1, Rôle=admin, Nom=Admin
[2026-06-24 15:53:38] [INFO] Utilisateur ajouté: ID=2, Nom=Siriki_Diarra Siriki, Rôle=student
[2026-06-24 15:53:38] [INFO] Étudiant ajouté avec succès : ID=1, Matricule=MAT-01, UserID=2
[2026-06-24 15:59:04] [INFO] Utilisateur ajouté: ID=3, Nom=Dn_Arnaud, Rôle=student
[2026-06-24 15:59:04] [INFO] Étudiant ajouté avec succès : ID=2, Matricule=MAT-02, UserID=3
[2026-06-24 16:01:34] [INFO] Application démarrée
[2026-06-24 16:02:04] [INFO] Connexion réussie : ID=1, Rôle=admin, Nom=Admin
[2026-06-24 16:03:53] [ERROR] Tentative d'ajout de l'utilisateur _ sans mot de passe.
[2026-06-24 16:03:53] [ERROR] Erreur : Le mot de passe ne peut pas être vide (NOT NULL constraint).
[2026-06-24 16:05:31] [INFO] Application démarrée
[2026-06-24 16:06:04] [INFO] Connexion réussie : ID=1, Rôle=admin, Nom=Admin
[2026-06-24 16:33:57] [WARN] Échec de l'ajout : Le matricule MAT-01 est déjà utilisé.
[2026-06-24 16:33:57] [ERROR] Erreur : Le matricule 'MAT-01' appartient déjà à un étudiant.
[2026-06-24 16:35:44] [INFO] Déconnexion: Admin
[2026-06-24 16:36:53] [INFO] Connexion réussie : ID=1, Rôle=admin, Nom=Admin
[2026-06-24 16:46:32] [ERROR] Tentative d'ajout de l'utilisateur 1 sans mot de passe.
[2026-06-24 16:46:32] [ERROR] Erreur : Le mot de passe ne peut pas être vide (NOT NULL constraint).
[2026-06-24 16:47:13] [ERROR] Tentative d'ajout de l'utilisateur 0 sans mot de passe.
[2026-06-24 16:47:13] [ERROR] Erreur : Le mot de passe ne peut pas être vide (NOT NULL constraint).
[2026-06-24 16:49:13] [INFO] Utilisateur ajouté: ID=4, Nom=Campbell, Rôle=teacher
[2026-06-24 16:49:13] [INFO] Professeur ajouté: ID=1, Nom=Campbell, UserID=4
